This is XeTeX, Version 3.141592653-2.6-0.999994 (TeX Live 2022) (preloaded format=xelatex 2022.4.7)  7 APR 2022 23:18
entering extended mode
 restricted \write18 enabled.
 file:line:error style messages enabled.
 %&-line parsing enabled.
**text
(./text.tex
LaTeX2e <2021-11-15> patch level 1
L3 programming layer <2022-02-24>)
! Emergency stop.
<*> text
        
*** (job aborted, no legal \end found)

 
Here is how much of TeX's memory you used:
 14 strings out of 477971
 281 string characters out of 5845911
 291699 words of memory out of 5000000
 20781 multiletter control sequences out of 15000+600000
 469259 words of font info for 28 fonts, out of 8000000 for 9000
 62 hyphenation exceptions out of 8191
 12i,0n,12p,36b,10s stack positions out of 10000i,1000n,20000p,200000b,200000s
No pages of output.
