\BOOKMARK [1][-]{section.1}{\376\377\0001\000.\000\040\225\356\230\230\200\314\146\157\123\312\221\315\217\360}{}% 1
\BOOKMARK [2][-]{subsection.1.1}{\376\377\0001\000.\0001\000\040\200\314\146\157}{section.1}% 2
\BOOKMARK [2][-]{subsection.1.2}{\376\377\0001\000.\0002\000\040\225\356\230\230\221\315\217\360}{section.1}% 3
\BOOKMARK [1][-]{section.2}{\376\377\0002\000.\000\040\152\041\127\213\120\107\213\276}{}% 4
\BOOKMARK [1][-]{section.3}{\376\377\0003\000.\000\040\173\046\123\367\213\364\146\016}{}% 5
\BOOKMARK [1][-]{section.4}{\376\377\0004\000.\000\040\225\356\230\230\166\204\122\006\147\220\124\214\152\041\127\213\166\204\136\372\172\313}{}% 6
\BOOKMARK [2][-]{subsection.4.1}{\376\377\0004\000.\0001\000\040\230\204\155\113\170\263\116\055\124\214\166\356\150\007\136\164\116\375\142\100\227\000\123\321\165\065\221\317\124\214\165\037\116\247\165\065\122\233\116\247\165\037\166\204\170\263\143\222\145\076\221\317}{section.4}% 7
\BOOKMARK [3][-]{subsubsection.4.1.1}{\376\377\0004\000.\0001\000.\0001\000\040\225\356\230\230\122\006\147\220}{subsection.4.1}% 8
\BOOKMARK [3][-]{subsubsection.4.1.2}{\376\377\0004\000.\0001\000.\0002\000\040\152\041\127\213\136\372\172\313\116\016\154\102\211\343}{subsection.4.1}% 9
\BOOKMARK [2][-]{subsection.4.2}{\376\377\0004\000.\0002\000\040\122\006\147\220\203\167\121\160\116\072\116\206\211\201\127\050\0002\0000\0005\0000\136\164\133\236\163\260\226\366\143\222\145\076\213\345\131\202\117\125\136\372\213\276\170\263\124\070\145\066\200\375\122\233}{section.4}% 10
\BOOKMARK [3][-]{subsubsection.4.2.1}{\376\377\0004\000.\0002\000.\0001\000\040\225\356\230\230\122\006\147\220}{subsection.4.2}% 11
\BOOKMARK [3][-]{subsubsection.4.2.2}{\376\377\0004\000.\0002\000.\0002\000\040\152\041\127\213\136\372\172\313\116\016\154\102\211\343}{subsection.4.2}% 12
\BOOKMARK [2][-]{subsection.4.3}{\376\377\0004\000.\0003\000\040\122\044\145\255\203\167\121\160\0002\0000\0005\0000\136\164\133\236\163\260\226\366\143\222\145\076\166\204\166\356\150\007\146\057\124\046\122\007\133\236\123\357\210\114}{section.4}% 13
\BOOKMARK [3][-]{subsubsection.4.3.1}{\376\377\0004\000.\0003\000.\0001\000\040\225\356\230\230\122\006\147\220}{subsection.4.3}% 14
\BOOKMARK [3][-]{subsubsection.4.3.2}{\376\377\0004\000.\0003\000.\0002\000\040\152\041\127\213\136\372\172\313\116\016\154\102\211\343}{subsection.4.3}% 15
\BOOKMARK [1][-]{section.5}{\376\377\0005\000.\000\040\152\041\127\213\166\204\213\304\116\367}{}% 16
\BOOKMARK [2][-]{subsection.5.1}{\376\377\0005\000.\0001\000\040\152\041\127\213\166\204\117\030\160\271}{section.5}% 17
\BOOKMARK [2][-]{subsection.5.2}{\376\377\0005\000.\0002\000\040\152\041\127\213\166\204\177\072\160\271}{section.5}% 18
\BOOKMARK [1][-]{section.6}{\376\377\0006\000.\000\040\123\302\200\003\145\207\163\056}{}% 19
\BOOKMARK [1][-]{section.1}{\376\377\226\104\137\125\000A\000\040\172\013\136\217\116\343\170\001}{}% 20
\BOOKMARK [1][-]{section.2}{\376\377\226\104\137\125\000B\000\040\123\237\131\313\145\160\143\156\173\111\121\166\116\326\145\207\116\366}{}% 21
