-1 -1 -1 -1 -1 -1 -1 -1 -1 -1 -1 -1 -1 -1 -1 -1 -1 -1 -1 -1 -1 -1 -1 
-1  0  0  0  0  0  0  0  0  0  0  0  0  0  0  0  0  0  0  0  0  0 -1 
-1  0  0  0  0  0  0  0  0  0  0  0  0  0  0  0  0  0  0  0  0  0 -1 
-1  0 -1  0  0  0  0  0  0  0  0  0  0  0  0  0  0  0  0  0  0  0 -1 
-1  0  0 -1  0  0  0  0  0  0  0  0  0  0  0  0  0  0  0  0  0  0 -1 
-1 -1  0  0  0  0  0  0  0  0  0  0  0  0  0  0  0  0  0  0  0  0 -1 
-1  0  0 -1  0  0  0  0  0  0  0  0  0  0  0  0  0  0  0  0  0  0 -1 
-1  0 -1  0  0  0  0  0  0  0  0  0  0  0  0  0  0  0  0  0  0  0 -1 
-1  0  0  0  0  0  0  0  0  0  0  0  0  0  0  0  0  0  0  0  0  0 -1 
-1  0  0  0  0  0  0  0  0  0  0  0  0  0  0  0  0  0  0  0  0  0 -1 
-1  0  0  0  0  0  0  0  0  0  0  0  0  0  0  0  0  0  0  0  0  0 -1 
-1  0  0  0  0  0  0  0  0  0  0  0  0  0  0  0  0  0  0  0  0  0 -1 
-1  0  0  0  0  0  0  0  0  0  0  0  0  0  0  0  0  0  0  0  0  0 -1 
-1  0  0  0  0  0  0  0  0  0  0  0  0  0  0  0  0  0  0  0  0  0 -1 
-1  0  0  0  0  0  0  0  0  0  0  0  0  0  0  0  0  0  0  0  0  0 -1 
-1  0  0  0  0  0  0  0  0  0  0  0  0  0  0  0  0  0  0  0  0  0 -1 
-1  0  0  0  0  0  0  0  0  0  0  0  0  0  0  0  0  0  0  0  0  0 -1 
-1  0  0  0  0  0  0  0  0  0  0  0  0  0  0  0  0  0  0  0  0  0 -1 
-1  0  0  0  0  0  0  0  0  0  0  0  0  0  0  0  0  0  0  0  0  0 -1 
-1  0  0  0  0  0  0  0  0  0  0  0  0  0  0  0  0  0  0  0  0  0 -1 
-1  0  0  0  0  0  0  0  0  0  0  0  0  0  0  0  0  0  0  0  0  0 -1 
-1  0  0  0  0  0  0  0  0  0  0  0  0  0  0  0  0  0  0  0  0  0 -1 
-1 -1 -1 -1 -1 -1 -1 -1 -1 -1 -1 -1 -1 -1 -1 -1 -1 -1 -1 -1 -1 -1 -1 
        -1         -1         -1         -1         -1         -1         -1         -1         -1         -1         -1         -1         -1         -1         -1         -1         -1         -1         -1         -1         -1         -1         -1 
        -1          1          1          1          1          1          1          1          1          1          1          1          1          1          1          1          1          1          1          1          1          1         -1 
        -1          1          2          3          4          5          6          7          8          9         10         11         12         13         14         15         16         17         18         19         20         21         -1 
        -1          1         -1          3          7         12         18         25         33         42         52         63         75         88        102        117        133        150        168        187        207        228         -1 
        -1          1          1         -1          7         19         37         62         95        137        189        252        327        415        517        634        767        917       1085       1272       1479       1707         -1 
        -1         -1          1          1          8         27         64        126        221        358        547        799       1126       1541       2058       2692       3459       4376       5461       6733       8212       9919         -1 
        -1          0          1         -1          8         35         99        225        446        804       1351       2150       3276       4817       6875       9567      13026      17402      22863      29596      37808      47727         -1 
        -1          0         -1          0          8         43        142        367        813       1617       2968       5118       8394      13211      20086      29653      42679      60081      82944     112540     150348     198075         -1 
        -1          0          0          0          8         51        193        560       1373       2990       5958      11076      19470      32681      52767      82420     125099     185180     268124     380664     531012     729087         -1 
        -1          0          0          0          8         59        252        812       2185       5175      11133      22209      41679      74360     127127     209547     334646     519826     787950    1168614    1699626    2428713         -1 
        -1          0          0          0          8         67        319       1131       3316       8491      19624      41833      83512     157872     284999     494546     829192    1349018    2136968    3305582    5005208    7433921         -1 
        -1          0          0          0          8         75        394       1525       4841      13332      32956      74789     158301     316173     601172    1095718    1924910    3273928    5410896    8716478   13721686   21155607         -1 
        -1          0          0          0          8         83        477       2002       6843      20175      53131     127920     286221     602394    1203566    2299284    4224194    7498122   12909018   21625496   35347182   56502789         -1 
        -1          0          0          0          8         91        568       2570       9413      29588      82719     210639     496860    1099254    2302820    4602104    8826298   16324420   29233438   50858934   86206116  142708905         -1 
        -1          0          0          0          8         99        667       3237      12650      42238     124957     335596     832456    1931710    4234530    8836634   17662932   33987352   63220790  114079724  200285840  342994745         -1 
        -1          0          0          0          8        107        774       4011      16661      58899     183856     519452    1351908    3283618    7518148   16354782   34017714   68005066  131225856  245305580  445591420  788586165         -1 
        -1          0          0          0          8        115        889       4900      21561      80460     264316     783768    2135676    5419294   12937442   29292224   63309938  131315004  262540860  507846440  953437860 1742024025         -1 
        -1          0          0          0          8        123       1012       5912      27473     107933     372249    1156017    3291693    8710987   21648429   50940653  114250591  245565595  508106455 1015952895 1969390755 -583552516         -1 
        -1          0          0          0          8        131       1143       7055      34528     142461     514710    1670727    4962420   13673407   35321836   86262489  200513080  446078675  954185130 1970138025 -355438516 -938991032         -1 
        -1          0          0          0          8        139       1282       8337      42865     185326     700036    2370763    7333183   21006590   56328426  142590915  343103995  789182670 1743367800 -581461471 -936899987 -1875891019         -1 
        -1          0          0          0          8        147       1429       9766      52631     237957     937993    3308756   10641939   31648529   87976955  230567870  573671865 1362854535 -1188744961 -1770206432 1587860877 -288030142         -1 
        -1          0          0          0          8        155       1584      11350      63981     301938    1239931    4548687   15190626   46839155  134816110  365383980  939055845 -1993056916 1113165419 -657041013  930819864  642789722         -1 
        -1         -1         -1         -1         -1         -1         -1         -1         -1         -1         -1         -1         -1         -1         -1         -1         -1         -1         -1         -1         -1         -1         -1 
642789722